{"obj": {"type": "AssignString", "path": ["sys", "name"], "value": "Untitled"}, "version": 1}
{"obj": {"type": "AssignString", "path": ["sys", "description"], "value": ""}, "version": 2}
{"obj": {"type": "AssignString", "path": ["sys", "hostname"], "value": "twogudack-OMEN-by-HP-Obelisk-Desktop-875-1xxx"}, "version": 3}
{"obj": {"type": "AssignBool", "path": ["sys", "failed"], "value": false}, "version": 4}
{"obj": {"type": "ClearStringLog", "path": ["monitoring", "stdout"]}, "version": 5}
{"obj": {"type": "ClearStringLog", "path": ["monitoring", "stderr"]}, "version": 6}
{"obj": {"type": "ConfigFloatSeries", "path": ["monitoring", "cpu"], "min": 0.0, "max": 100.0, "unit": "%"}, "version": 7}
{"obj": {"type": "ClearFloatLog", "path": ["monitoring", "cpu"]}, "version": 8}
{"obj": {"type": "ConfigFloatSeries", "path": ["monitoring", "memory"], "min": 0.0, "max": 15.507919311523438, "unit": "GB"}, "version": 9}
{"obj": {"type": "ClearFloatLog", "path": ["monitoring", "memory"]}, "version": 10}
{"obj": {"type": "ConfigFloatSeries", "path": ["monitoring", "gpu"], "min": 0.0, "max": 100.0, "unit": "%"}, "version": 11}
{"obj": {"type": "ClearFloatLog", "path": ["monitoring", "gpu"]}, "version": 12}
{"obj": {"type": "ConfigFloatSeries", "path": ["monitoring", "gpu_memory"], "min": 0.0, "max": 23.6307373046875, "unit": "GB"}, "version": 13}
{"obj": {"type": "ClearFloatLog", "path": ["monitoring", "gpu_memory"]}, "version": 14}
{"obj": {"type": "LogStrings", "path": ["monitoring", "stdout"], "values": [{"value": "Remember to stop your run once you\u2019ve finished logging your metadata (https://docs.neptune.ai/api-reference/run#.stop). It will be stopped automatically only when the notebook kernel/interactive console is terminated.\n", "step": null, "ts": 1663721095.680555}]}, "version": 15}
{"obj": {"type": "AssignString", "path": ["parameters", "data_path"], "value": "../Dataset"}, "version": 16}
{"obj": {"type": "AssignString", "path": ["parameters", "file_name"], "value": "region_A.csv"}, "version": 17}
{"obj": {"type": "AssignInt", "path": ["parameters", "fold"], "value": 0}, "version": 18}
{"obj": {"type": "AssignInt", "path": ["parameters", "Kfold"], "value": 5}, "version": 19}
{"obj": {"type": "AssignString", "path": ["parameters", "tag"], "value": "PetFriends"}, "version": 20}
{"obj": {"type": "AssignString", "path": ["parameters", "model_type"], "value": ""}, "version": 21}
{"obj": {"type": "AssignString", "path": ["parameters", "encoder_name"], "value": "efficientnet_b4"}, "version": 22}
{"obj": {"type": "AssignFloat", "path": ["parameters", "drop_path_rate"], "value": 0.2}, "version": 23}
{"obj": {"type": "AssignInt", "path": ["parameters", "num_classes"], "value": 7}, "version": 24}
{"obj": {"type": "AssignInt", "path": ["parameters", "epochs"], "value": 100}, "version": 25}
{"obj": {"type": "AssignInt", "path": ["parameters", "img_size"], "value": 512}, "version": 26}
{"obj": {"type": "AssignInt", "path": ["parameters", "batch_size"], "value": 16}, "version": 27}
{"obj": {"type": "AssignFloat", "path": ["parameters", "initial_lr"], "value": 1e-06}, "version": 28}
{"obj": {"type": "AssignFloat", "path": ["parameters", "weight_decay"], "value": 1e-05}, "version": 29}
{"obj": {"type": "AssignInt", "path": ["parameters", "aug_ver"], "value": 11}, "version": 30}
{"obj": {"type": "AssignInt", "path": ["parameters", "warm_epoch"], "value": 3}, "version": 31}
{"obj": {"type": "AssignFloat", "path": ["parameters", "max_lr"], "value": 0.0001}, "version": 32}
{"obj": {"type": "AssignInt", "path": ["parameters", "patience"], "value": 15}, "version": 33}
{"obj": {"type": "AssignBool", "path": ["parameters", "use_aug"], "value": false}, "version": 34}
{"obj": {"type": "AssignBool", "path": ["parameters", "logging"], "value": true}, "version": 35}
{"obj": {"type": "AssignInt", "path": ["parameters", "num_workers"], "value": 4}, "version": 36}
{"obj": {"type": "AssignInt", "path": ["parameters", "seed"], "value": 42}, "version": 37}
{"obj": {"type": "LogFloats", "path": ["monitoring", "cpu"], "values": [{"value": 1.6, "step": null, "ts": 1663721095.678475}]}, "version": 38}
{"obj": {"type": "LogFloats", "path": ["monitoring", "memory"], "values": [{"value": 9.790233612060547, "step": null, "ts": 1663721095.678475}]}, "version": 39}
{"obj": {"type": "LogFloats", "path": ["monitoring", "gpu"], "values": [{"value": 2.0, "step": null, "ts": 1663721095.678475}]}, "version": 40}
{"obj": {"type": "LogFloats", "path": ["monitoring", "gpu_memory"], "values": [{"value": 23.47601318359375, "step": null, "ts": 1663721095.678475}]}, "version": 41}
{"obj": {"type": "LogStrings", "path": ["monitoring", "stdout"], "values": [{"value": "\ub370\uc774\ud130\uc14b \uc0dd\uc131 \uc644\ub8cc,,\n \ub370\uc774\ud130\uc14b \uc0ac\uc774\uc988 : 8260", "step": null, "ts": 1663721095.6981769}]}, "version": 42}
{"obj": {"type": "LogStrings", "path": ["monitoring", "stdout"], "values": [{"value": "\n", "step": null, "ts": 1663721095.69841}]}, "version": 43}
{"obj": {"type": "LogStrings", "path": ["monitoring", "stdout"], "values": [{"value": "\ub370\uc774\ud130\uc14b \uc0dd\uc131 \uc644\ub8cc,,\n \ub370\uc774\ud130\uc14b \uc0ac\uc774\uc988 : 2065", "step": null, "ts": 1663721095.6989183}]}, "version": 44}
{"obj": {"type": "LogStrings", "path": ["monitoring", "stdout"], "values": [{"value": "\n", "step": null, "ts": 1663721095.6991167}]}, "version": 45}
{"obj": {"type": "LogStrings", "path": ["monitoring", "stdout"], "values": [{"value": "Unexpected error occurred in Neptune background thread: Killing Neptune asynchronous thread. All data is safe on disk and can be later synced manually using `neptune sync` command.\n", "step": null, "ts": 1663721096.4040482}]}, "version": 46}
{"obj": {"type": "LogStrings", "path": ["monitoring", "stderr"], "values": [{"value": "Exception in thread ", "step": null, "ts": 1663721096.4049716}]}, "version": 47}
{"obj": {"type": "LogStrings", "path": ["monitoring", "stderr"], "values": [{"value": "NeptuneAsyncOpProcessor", "step": null, "ts": 1663721096.4052048}]}, "version": 48}
{"obj": {"type": "LogStrings", "path": ["monitoring", "stderr"], "values": [{"value": ":\n", "step": null, "ts": 1663721096.4057746}]}, "version": 49}
{"obj": {"type": "LogStrings", "path": ["monitoring", "stderr"], "values": [{"value": "Traceback (most recent call last):\n", "step": null, "ts": 1663721096.4061115}]}, "version": 50}
{"obj": {"type": "LogStrings", "path": ["monitoring", "stderr"], "values": [{"value": "  File \"/home/twogudack/anaconda3/envs/pytorch/lib/python3.8/site-packages/bravado/http_future.py\", line 335, in unmarshal_response\n", "step": null, "ts": 1663721096.407001}]}, "version": 51}
{"obj": {"type": "LogStrings", "path": ["monitoring", "stderr"], "values": [{"value": "    ", "step": null, "ts": 1663721096.4073474}]}, "version": 52}
{"obj": {"type": "LogStrings", "path": ["monitoring", "stderr"], "values": [{"value": "incoming_response.swagger_result = unmarshal_response_inner(  # type: ignore", "step": null, "ts": 1663721096.4076116}]}, "version": 53}
{"obj": {"type": "LogStrings", "path": ["monitoring", "stderr"], "values": [{"value": "\n", "step": null, "ts": 1663721096.407851}]}, "version": 54}
{"obj": {"type": "LogStrings", "path": ["monitoring", "stderr"], "values": [{"value": "  File \"/home/twogudack/anaconda3/envs/pytorch/lib/python3.8/site-packages/bravado/http_future.py\", line 370, in unmarshal_response_inner\n", "step": null, "ts": 1663721096.4080937}]}, "version": 55}
{"obj": {"type": "LogStrings", "path": ["monitoring", "stderr"], "values": [{"value": "    ", "step": null, "ts": 1663721096.4084105}]}, "version": 56}
{"obj": {"type": "LogStrings", "path": ["monitoring", "stderr"], "values": [{"value": "response_spec = get_response_spec(status_code=response.status_code, op=op)", "step": null, "ts": 1663721096.4086561}]}, "version": 57}
{"obj": {"type": "LogStrings", "path": ["monitoring", "stderr"], "values": [{"value": "\n", "step": null, "ts": 1663721096.4088933}]}, "version": 58}
{"obj": {"type": "LogStrings", "path": ["monitoring", "stderr"], "values": [{"value": "  File \"/home/twogudack/anaconda3/envs/pytorch/lib/python3.8/site-packages/bravado_core/response.py\", line 157, in get_response_spec\n", "step": null, "ts": 1663721096.4091327}]}, "version": 59}
{"obj": {"type": "LogStrings", "path": ["monitoring", "stderr"], "values": [{"value": "    ", "step": null, "ts": 1663721096.4094203}]}, "version": 60}
{"obj": {"type": "LogStrings", "path": ["monitoring", "stderr"], "values": [{"value": "raise MatchingResponseNotFound(", "step": null, "ts": 1663721096.409654}]}, "version": 61}
{"obj": {"type": "LogStrings", "path": ["monitoring", "stderr"], "values": [{"value": "\n", "step": null, "ts": 1663721096.4098883}]}, "version": 62}
{"obj": {"type": "LogStrings", "path": ["monitoring", "stderr"], "values": [{"value": "bravado_core.exception", "step": null, "ts": 1663721096.4101408}]}, "version": 63}
{"obj": {"type": "LogStrings", "path": ["monitoring", "stderr"], "values": [{"value": ".", "step": null, "ts": 1663721096.4103794}]}, "version": 64}
{"obj": {"type": "LogStrings", "path": ["monitoring", "stderr"], "values": [{"value": "MatchingResponseNotFound", "step": null, "ts": 1663721096.4106364}]}, "version": 65}
{"obj": {"type": "LogStrings", "path": ["monitoring", "stderr"], "values": [{"value": ": ", "step": null, "ts": 1663721096.4108584}]}, "version": 66}
{"obj": {"type": "LogStrings", "path": ["monitoring", "stderr"], "values": [{"value": "Response specification matching http status_code 402 not found for operation Operation(executeOperations). Either add a response specification for the status_code or use a `default` response.", "step": null, "ts": 1663721096.411076}]}, "version": 67}
{"obj": {"type": "LogStrings", "path": ["monitoring", "stderr"], "values": [{"value": "\n", "step": null, "ts": 1663721096.4112906}]}, "version": 68}
{"obj": {"type": "LogStrings", "path": ["monitoring", "stderr"], "values": [{"value": "\nDuring handling of the above exception, another exception occurred:\n\n", "step": null, "ts": 1663721096.4115276}]}, "version": 69}
{"obj": {"type": "LogStrings", "path": ["monitoring", "stderr"], "values": [{"value": "Traceback (most recent call last):\n", "step": null, "ts": 1663721096.4117634}]}, "version": 70}
{"obj": {"type": "LogStrings", "path": ["monitoring", "stderr"], "values": [{"value": "  File \"/home/twogudack/anaconda3/envs/pytorch/lib/python3.8/site-packages/neptune/new/internal/backends/swagger_client_wrapper.py\", line 83, in __call__\n", "step": null, "ts": 1663721096.412036}]}, "version": 71}
{"obj": {"type": "LogStrings", "path": ["monitoring", "stderr"], "values": [{"value": "    ", "step": null, "ts": 1663721096.4123285}]}, "version": 72}
{"obj": {"type": "LogStrings", "path": ["monitoring", "stderr"], "values": [{"value": "return FinishedApiResponseFuture(future.response())  # wait synchronously", "step": null, "ts": 1663721096.412552}]}, "version": 73}
{"obj": {"type": "LogStrings", "path": ["monitoring", "stderr"], "values": [{"value": "\n", "step": null, "ts": 1663721096.4127717}]}, "version": 74}
{"obj": {"type": "LogStrings", "path": ["monitoring", "stderr"], "values": [{"value": "  File \"/home/twogudack/anaconda3/envs/pytorch/lib/python3.8/site-packages/bravado/http_future.py\", line 200, in response\n", "step": null, "ts": 1663721096.4129927}]}, "version": 75}
{"obj": {"type": "LogStrings", "path": ["monitoring", "stderr"], "values": [{"value": "    ", "step": null, "ts": 1663721096.413264}]}, "version": 76}
{"obj": {"type": "LogStrings", "path": ["monitoring", "stderr"], "values": [{"value": "swagger_result = self._get_swagger_result(incoming_response)", "step": null, "ts": 1663721096.4134803}]}, "version": 77}
{"obj": {"type": "LogStrings", "path": ["monitoring", "stderr"], "values": [{"value": "\n", "step": null, "ts": 1663721096.4136965}]}, "version": 78}
{"obj": {"type": "LogStrings", "path": ["monitoring", "stderr"], "values": [{"value": "  File \"/home/twogudack/anaconda3/envs/pytorch/lib/python3.8/site-packages/bravado/http_future.py\", line 124, in wrapper\n", "step": null, "ts": 1663721096.4139168}]}, "version": 79}
{"obj": {"type": "LogStrings", "path": ["monitoring", "stderr"], "values": [{"value": "    ", "step": null, "ts": 1663721096.4141798}]}, "version": 80}
{"obj": {"type": "LogStrings", "path": ["monitoring", "stderr"], "values": [{"value": "return func(self, *args, **kwargs)", "step": null, "ts": 1663721096.4143968}]}, "version": 81}
{"obj": {"type": "LogStrings", "path": ["monitoring", "stderr"], "values": [{"value": "\n", "step": null, "ts": 1663721096.414628}]}, "version": 82}
{"obj": {"type": "LogStrings", "path": ["monitoring", "stderr"], "values": [{"value": "  File \"/home/twogudack/anaconda3/envs/pytorch/lib/python3.8/site-packages/bravado/http_future.py\", line 300, in _get_swagger_result\n", "step": null, "ts": 1663721096.4148471}]}, "version": 83}
{"obj": {"type": "LogStrings", "path": ["monitoring", "stderr"], "values": [{"value": "    ", "step": null, "ts": 1663721096.4151275}]}, "version": 84}
{"obj": {"type": "LogStrings", "path": ["monitoring", "stderr"], "values": [{"value": "unmarshal_response(", "step": null, "ts": 1663721096.4153435}]}, "version": 85}
{"obj": {"type": "LogStrings", "path": ["monitoring", "stderr"], "values": [{"value": "\n", "step": null, "ts": 1663721096.4155643}]}, "version": 86}
{"obj": {"type": "LogStrings", "path": ["monitoring", "stderr"], "values": [{"value": "  File \"/home/twogudack/anaconda3/envs/pytorch/lib/python3.8/site-packages/bravado/http_future.py\", line 344, in unmarshal_response\n", "step": null, "ts": 1663721096.4157836}]}, "version": 87}
{"obj": {"type": "LogStrings", "path": ["monitoring", "stderr"], "values": [{"value": "    ", "step": null, "ts": 1663721096.4160752}]}, "version": 88}
{"obj": {"type": "LogStrings", "path": ["monitoring", "stderr"], "values": [{"value": "six.reraise(", "step": null, "ts": 1663721096.4162924}]}, "version": 89}
{"obj": {"type": "LogStrings", "path": ["monitoring", "stderr"], "values": [{"value": "\n", "step": null, "ts": 1663721096.4165094}]}, "version": 90}
{"obj": {"type": "LogStrings", "path": ["monitoring", "stderr"], "values": [{"value": "  File \"/home/twogudack/anaconda3/envs/pytorch/lib/python3.8/site-packages/six.py\", line 718, in reraise\n", "step": null, "ts": 1663721096.4167285}]}, "version": 91}
{"obj": {"type": "LogStrings", "path": ["monitoring", "stderr"], "values": [{"value": "    ", "step": null, "ts": 1663721096.4170642}]}, "version": 92}
{"obj": {"type": "LogStrings", "path": ["monitoring", "stderr"], "values": [{"value": "raise value.with_traceback(tb)", "step": null, "ts": 1663721096.4172807}]}, "version": 93}
{"obj": {"type": "LogStrings", "path": ["monitoring", "stderr"], "values": [{"value": "\n", "step": null, "ts": 1663721096.4174995}]}, "version": 94}
{"obj": {"type": "LogStrings", "path": ["monitoring", "stderr"], "values": [{"value": "  File \"/home/twogudack/anaconda3/envs/pytorch/lib/python3.8/site-packages/bravado/http_future.py\", line 335, in unmarshal_response\n", "step": null, "ts": 1663721096.4177299}]}, "version": 95}
{"obj": {"type": "LogStrings", "path": ["monitoring", "stderr"], "values": [{"value": "    ", "step": null, "ts": 1663721096.4180186}]}, "version": 96}
{"obj": {"type": "LogStrings", "path": ["monitoring", "stderr"], "values": [{"value": "incoming_response.swagger_result = unmarshal_response_inner(  # type: ignore", "step": null, "ts": 1663721096.4182363}]}, "version": 97}
{"obj": {"type": "LogStrings", "path": ["monitoring", "stderr"], "values": [{"value": "\n", "step": null, "ts": 1663721096.4184597}]}, "version": 98}
{"obj": {"type": "LogStrings", "path": ["monitoring", "stderr"], "values": [{"value": "  File \"/home/twogudack/anaconda3/envs/pytorch/lib/python3.8/site-packages/bravado/http_future.py\", line 370, in unmarshal_response_inner\n", "step": null, "ts": 1663721096.4186857}]}, "version": 99}
{"obj": {"type": "LogStrings", "path": ["monitoring", "stderr"], "values": [{"value": "    ", "step": null, "ts": 1663721096.4189775}]}, "version": 100}
{"obj": {"type": "LogStrings", "path": ["monitoring", "stderr"], "values": [{"value": "response_spec = get_response_spec(status_code=response.status_code, op=op)", "step": null, "ts": 1663721096.4191952}]}, "version": 101}
{"obj": {"type": "LogStrings", "path": ["monitoring", "stderr"], "values": [{"value": "\n", "step": null, "ts": 1663721096.4194129}]}, "version": 102}
{"obj": {"type": "LogStrings", "path": ["monitoring", "stderr"], "values": [{"value": "  File \"/home/twogudack/anaconda3/envs/pytorch/lib/python3.8/site-packages/bravado_core/response.py\", line 157, in get_response_spec\n", "step": null, "ts": 1663721096.4196324}]}, "version": 103}
{"obj": {"type": "LogStrings", "path": ["monitoring", "stderr"], "values": [{"value": "    ", "step": null, "ts": 1663721096.4199033}]}, "version": 104}
{"obj": {"type": "LogStrings", "path": ["monitoring", "stderr"], "values": [{"value": "raise MatchingResponseNotFound(", "step": null, "ts": 1663721096.4201343}]}, "version": 105}
{"obj": {"type": "LogStrings", "path": ["monitoring", "stderr"], "values": [{"value": "\n", "step": null, "ts": 1663721096.4203649}]}, "version": 106}
{"obj": {"type": "LogStrings", "path": ["monitoring", "stderr"], "values": [{"value": "bravado.exception", "step": null, "ts": 1663721096.4206152}]}, "version": 107}
{"obj": {"type": "LogStrings", "path": ["monitoring", "stderr"], "values": [{"value": ".", "step": null, "ts": 1663721096.4208293}]}, "version": 108}
{"obj": {"type": "LogStrings", "path": ["monitoring", "stderr"], "values": [{"value": "HTTPPaymentRequired", "step": null, "ts": 1663721096.4210422}]}, "version": 109}
{"obj": {"type": "LogStrings", "path": ["monitoring", "stderr"], "values": [{"value": ": ", "step": null, "ts": 1663721096.421265}]}, "version": 110}
{"obj": {"type": "LogStrings", "path": ["monitoring", "stderr"], "values": [{"value": "402 : Response specification matching http status_code 402 not found for operation Operation(executeOperations). Either add a response specification for the status_code or use a `default` response.", "step": null, "ts": 1663721096.4214814}]}, "version": 111}
{"obj": {"type": "LogStrings", "path": ["monitoring", "stderr"], "values": [{"value": "\n", "step": null, "ts": 1663721096.4216938}]}, "version": 112}
{"obj": {"type": "LogStrings", "path": ["monitoring", "stderr"], "values": [{"value": "\nThe above exception was the direct cause of the following exception:\n\n", "step": null, "ts": 1663721096.4219146}]}, "version": 113}
{"obj": {"type": "LogStrings", "path": ["monitoring", "stderr"], "values": [{"value": "Traceback (most recent call last):\n", "step": null, "ts": 1663721096.4221284}]}, "version": 114}
{"obj": {"type": "LogStrings", "path": ["monitoring", "stderr"], "values": [{"value": "  File \"/home/twogudack/anaconda3/envs/pytorch/lib/python3.8/threading.py\", line 932, in _bootstrap_inner\n", "step": null, "ts": 1663721096.422342}]}, "version": 115}
{"obj": {"type": "LogStrings", "path": ["monitoring", "stderr"], "values": [{"value": "    ", "step": null, "ts": 1663721096.4226742}]}, "version": 116}
{"obj": {"type": "LogStrings", "path": ["monitoring", "stderr"], "values": [{"value": "self.run()", "step": null, "ts": 1663721096.4229214}]}, "version": 117}
{"obj": {"type": "LogStrings", "path": ["monitoring", "stderr"], "values": [{"value": "\n", "step": null, "ts": 1663721096.4231334}]}, "version": 118}
{"obj": {"type": "LogStrings", "path": ["monitoring", "stderr"], "values": [{"value": "  File \"/home/twogudack/anaconda3/envs/pytorch/lib/python3.8/site-packages/neptune/new/internal/threading/daemon.py\", line 51, in run\n", "step": null, "ts": 1663721096.4233894}]}, "version": 119}
{"obj": {"type": "LogStrings", "path": ["monitoring", "stderr"], "values": [{"value": "    ", "step": null, "ts": 1663721096.4237635}]}, "version": 120}
{"obj": {"type": "LogStrings", "path": ["monitoring", "stderr"], "values": [{"value": "self.work()", "step": null, "ts": 1663721096.4247198}]}, "version": 121}
{"obj": {"type": "LogStrings", "path": ["monitoring", "stderr"], "values": [{"value": "\n", "step": null, "ts": 1663721096.4250216}]}, "version": 122}
{"obj": {"type": "LogStrings", "path": ["monitoring", "stderr"], "values": [{"value": "  File \"/home/twogudack/anaconda3/envs/pytorch/lib/python3.8/site-packages/neptune/new/internal/operation_processors/async_operation_processor.py\", line 202, in work\n", "step": null, "ts": 1663721096.4253173}]}, "version": 123}
{"obj": {"type": "LogStrings", "path": ["monitoring", "stderr"], "values": [{"value": "    ", "step": null, "ts": 1663721096.4259791}]}, "version": 124}
{"obj": {"type": "LogStrings", "path": ["monitoring", "stderr"], "values": [{"value": "self.process_batch(batch, version)", "step": null, "ts": 1663721096.4263349}]}, "version": 125}
{"obj": {"type": "LogStrings", "path": ["monitoring", "stderr"], "values": [{"value": "\n", "step": null, "ts": 1663721096.4267013}]}, "version": 126}
{"obj": {"type": "LogStrings", "path": ["monitoring", "stderr"], "values": [{"value": "  File \"/home/twogudack/anaconda3/envs/pytorch/lib/python3.8/site-packages/neptune/new/internal/threading/daemon.py\", line 75, in wrapper\n", "step": null, "ts": 1663721096.4270577}]}, "version": 127}
{"obj": {"type": "LogStrings", "path": ["monitoring", "stderr"], "values": [{"value": "    ", "step": null, "ts": 1663721096.4274778}]}, "version": 128}
{"obj": {"type": "LogStrings", "path": ["monitoring", "stderr"], "values": [{"value": "result = func(self_, *args, **kwargs)", "step": null, "ts": 1663721096.4278193}]}, "version": 129}
{"obj": {"type": "LogStrings", "path": ["monitoring", "stderr"], "values": [{"value": "\n", "step": null, "ts": 1663721096.428121}]}, "version": 130}
{"obj": {"type": "LogStrings", "path": ["monitoring", "stderr"], "values": [{"value": "  File \"/home/twogudack/anaconda3/envs/pytorch/lib/python3.8/site-packages/neptune/new/internal/operation_processors/async_operation_processor.py\", line 215, in process_batch\n", "step": null, "ts": 1663721096.4285128}]}, "version": 131}
{"obj": {"type": "LogStrings", "path": ["monitoring", "stderr"], "values": [{"value": "    ", "step": null, "ts": 1663721096.4289832}]}, "version": 132}
{"obj": {"type": "LogStrings", "path": ["monitoring", "stderr"], "values": [{"value": "processed_count, errors = self._processor._backend.execute_operations(", "step": null, "ts": 1663721096.429328}]}, "version": 133}
{"obj": {"type": "LogStrings", "path": ["monitoring", "stderr"], "values": [{"value": "\n", "step": null, "ts": 1663721096.429684}]}, "version": 134}
{"obj": {"type": "LogStrings", "path": ["monitoring", "stderr"], "values": [{"value": "  File \"/home/twogudack/anaconda3/envs/pytorch/lib/python3.8/site-packages/neptune/new/internal/backends/hosted_neptune_backend.py\", line 477, in execute_operations\n", "step": null, "ts": 1663721096.4300528}]}, "version": 135}
{"obj": {"type": "LogStrings", "path": ["monitoring", "stderr"], "values": [{"value": "    ", "step": null, "ts": 1663721096.430529}]}, "version": 136}
{"obj": {"type": "LogStrings", "path": ["monitoring", "stderr"], "values": [{"value": "self._execute_operations(", "step": null, "ts": 1663721096.4308727}]}, "version": 137}
{"obj": {"type": "LogStrings", "path": ["monitoring", "stderr"], "values": [{"value": "\n", "step": null, "ts": 1663721096.431169}]}, "version": 138}
{"obj": {"type": "LogStrings", "path": ["monitoring", "stderr"], "values": [{"value": "  File \"/home/twogudack/anaconda3/envs/pytorch/lib/python3.8/site-packages/neptune/new/internal/backends/utils.py\", line 90, in wrapper\n", "step": null, "ts": 1663721096.4314823}]}, "version": 139}
{"obj": {"type": "LogStrings", "path": ["monitoring", "stderr"], "values": [{"value": "    ", "step": null, "ts": 1663721096.4318597}]}, "version": 140}
{"obj": {"type": "LogStrings", "path": ["monitoring", "stderr"], "values": [{"value": "return func(*args, **kwargs)", "step": null, "ts": 1663721096.4321525}]}, "version": 141}
{"obj": {"type": "LogStrings", "path": ["monitoring", "stderr"], "values": [{"value": "\n", "step": null, "ts": 1663721096.4323833}]}, "version": 142}
{"obj": {"type": "LogStrings", "path": ["monitoring", "stderr"], "values": [{"value": "  File \"/home/twogudack/anaconda3/envs/pytorch/lib/python3.8/site-packages/neptune/new/internal/backends/hosted_neptune_backend.py\", line 634, in _execute_operations\n", "step": null, "ts": 1663721096.4326348}]}, "version": 143}
{"obj": {"type": "LogStrings", "path": ["monitoring", "stderr"], "values": [{"value": "    ", "step": null, "ts": 1663721096.4329963}]}, "version": 144}
{"obj": {"type": "LogStrings", "path": ["monitoring", "stderr"], "values": [{"value": "result = self.leaderboard_client.api.executeOperations(**kwargs).response().result", "step": null, "ts": 1663721096.4332263}]}, "version": 145}
{"obj": {"type": "LogStrings", "path": ["monitoring", "stderr"], "values": [{"value": "\n", "step": null, "ts": 1663721096.4334533}]}, "version": 146}
{"obj": {"type": "LogStrings", "path": ["monitoring", "stderr"], "values": [{"value": "  File \"/home/twogudack/anaconda3/envs/pytorch/lib/python3.8/site-packages/neptune/new/internal/backends/swagger_client_wrapper.py\", line 85, in __call__\n", "step": null, "ts": 1663721096.4336925}]}, "version": 147}
{"obj": {"type": "LogStrings", "path": ["monitoring", "stderr"], "values": [{"value": "    ", "step": null, "ts": 1663721096.4339588}]}, "version": 148}
{"obj": {"type": "LogStrings", "path": ["monitoring", "stderr"], "values": [{"value": "self.handle_neptune_http_errors(e.response, exception=e)", "step": null, "ts": 1663721096.434201}]}, "version": 149}
{"obj": {"type": "LogStrings", "path": ["monitoring", "stderr"], "values": [{"value": "\n", "step": null, "ts": 1663721096.4344454}]}, "version": 150}
{"obj": {"type": "LogStrings", "path": ["monitoring", "stderr"], "values": [{"value": "  File \"/home/twogudack/anaconda3/envs/pytorch/lib/python3.8/site-packages/neptune/new/internal/backends/swagger_client_wrapper.py\", line 54, in handle_neptune_http_errors\n", "step": null, "ts": 1663721096.4346902}]}, "version": 151}
{"obj": {"type": "LogStrings", "path": ["monitoring", "stderr"], "values": [{"value": "    ", "step": null, "ts": 1663721096.4349592}]}, "version": 152}
{"obj": {"type": "LogStrings", "path": ["monitoring", "stderr"], "values": [{"value": "raise NeptuneLimitExceedException(", "step": null, "ts": 1663721096.4351897}]}, "version": 153}
{"obj": {"type": "LogStrings", "path": ["monitoring", "stderr"], "values": [{"value": "\n", "step": null, "ts": 1663721096.4354093}]}, "version": 154}
{"obj": {"type": "LogStrings", "path": ["monitoring", "stderr"], "values": [{"value": "neptune.new.exceptions", "step": null, "ts": 1663721096.4356625}]}, "version": 155}
{"obj": {"type": "LogStrings", "path": ["monitoring", "stderr"], "values": [{"value": ".", "step": null, "ts": 1663721096.4358845}]}, "version": 156}
{"obj": {"type": "LogStrings", "path": ["monitoring", "stderr"], "values": [{"value": "NeptuneLimitExceedException", "step": null, "ts": 1663721096.4361038}]}, "version": 157}
{"obj": {"type": "LogStrings", "path": ["monitoring", "stderr"], "values": [{"value": ": ", "step": null, "ts": 1663721096.4363418}]}, "version": 158}
{"obj": {"type": "LogStrings", "path": ["monitoring", "stderr"], "values": [{"value": "\n\u001b[95m\n----NeptuneLimitExceedException---------------------------------------------------------------------------------------\n\u001b[0m\nWorkspace in readonly state. Reasons: monitoring time limit is exceeded\n\nIt's not possible to upload new data, but you can still fetch and delete data.\nIf you are using asynchronous (default) connection mode, Neptune automatically switched to offline mode\nand your data is being stored safely on the disk. You can upload it later using the Neptune Command Line Interface tool:\n    \u001b[95mneptune sync -p project_name\u001b[0m\nWhat should I do?\n    - In case of storage limitations, go to your projects and remove runs or model metadata you don't need\n    - ... or update your subscription plan here: https://app.neptune.ai/-/subscription\nYou may also want to check the following docs page:\n    - https://docs.neptune.ai/advanced-user-guides/connection-modes\n\u001b[92mNeed help?\u001b[0m-> https://docs.neptune.ai/getting-started/getting-help\n", "step": null, "ts": 1663721096.4365923}]}, "version": 159}
{"obj": {"type": "LogStrings", "path": ["monitoring", "stderr"], "values": [{"value": "\n", "step": null, "ts": 1663721096.4368358}]}, "version": 160}
{"obj": {"type": "LogFloats", "path": ["monitoring", "cpu"], "values": [{"value": 3.2, "step": null, "ts": 1663721105.6836574}]}, "version": 161}
{"obj": {"type": "LogFloats", "path": ["monitoring", "memory"], "values": [{"value": 9.944351196289062, "step": null, "ts": 1663721105.6836574}]}, "version": 162}
{"obj": {"type": "LogFloats", "path": ["monitoring", "gpu"], "values": [{"value": 9.0, "step": null, "ts": 1663721105.6836574}]}, "version": 163}
{"obj": {"type": "LogFloats", "path": ["monitoring", "gpu_memory"], "values": [{"value": 23.5782470703125, "step": null, "ts": 1663721105.6836574}]}, "version": 164}
{"obj": {"type": "LogFloats", "path": ["monitoring", "cpu"], "values": [{"value": 5.1, "step": null, "ts": 1663721115.6867735}]}, "version": 165}
{"obj": {"type": "LogFloats", "path": ["monitoring", "memory"], "values": [{"value": 9.93466567993164, "step": null, "ts": 1663721115.6867735}]}, "version": 166}
{"obj": {"type": "LogFloats", "path": ["monitoring", "gpu"], "values": [{"value": 32.0, "step": null, "ts": 1663721115.6867735}]}, "version": 167}
{"obj": {"type": "LogFloats", "path": ["monitoring", "gpu_memory"], "values": [{"value": 23.58636474609375, "step": null, "ts": 1663721115.6867735}]}, "version": 168}
{"obj": {"type": "LogStrings", "path": ["monitoring", "stdout"], "values": [{"value": "Shutting down background jobs, please wait a moment...\n", "step": null, "ts": 1663721123.392423}]}, "version": 169}
