{"obj": {"type": "AssignString", "path": ["sys", "name"], "value": "Untitled"}, "version": 1}
{"obj": {"type": "AssignString", "path": ["sys", "description"], "value": ""}, "version": 2}
{"obj": {"type": "AssignString", "path": ["sys", "hostname"], "value": "twogudack-OMEN-by-HP-Obelisk-Desktop-875-1xxx"}, "version": 3}
{"obj": {"type": "AssignBool", "path": ["sys", "failed"], "value": false}, "version": 4}
{"obj": {"type": "ClearStringLog", "path": ["monitoring", "stdout"]}, "version": 5}
{"obj": {"type": "ClearStringLog", "path": ["monitoring", "stderr"]}, "version": 6}
{"obj": {"type": "ConfigFloatSeries", "path": ["monitoring", "cpu"], "min": 0.0, "max": 100.0, "unit": "%"}, "version": 7}
{"obj": {"type": "ClearFloatLog", "path": ["monitoring", "cpu"]}, "version": 8}
{"obj": {"type": "ConfigFloatSeries", "path": ["monitoring", "memory"], "min": 0.0, "max": 15.507919311523438, "unit": "GB"}, "version": 9}
{"obj": {"type": "ClearFloatLog", "path": ["monitoring", "memory"]}, "version": 10}
{"obj": {"type": "ConfigFloatSeries", "path": ["monitoring", "gpu"], "min": 0.0, "max": 100.0, "unit": "%"}, "version": 11}
{"obj": {"type": "ClearFloatLog", "path": ["monitoring", "gpu"]}, "version": 12}
{"obj": {"type": "ConfigFloatSeries", "path": ["monitoring", "gpu_memory"], "min": 0.0, "max": 23.6307373046875, "unit": "GB"}, "version": 13}
{"obj": {"type": "ClearFloatLog", "path": ["monitoring", "gpu_memory"]}, "version": 14}
{"obj": {"type": "LogStrings", "path": ["monitoring", "stdout"], "values": [{"value": "Remember to stop your run once you\u2019ve finished logging your metadata (https://docs.neptune.ai/api-reference/run#.stop). It will be stopped automatically only when the notebook kernel/interactive console is terminated.\n", "step": null, "ts": 1664359644.9739}]}, "version": 15}
{"obj": {"type": "AssignString", "path": ["parameters", "data_path"], "value": "../Dataset"}, "version": 16}
{"obj": {"type": "AssignString", "path": ["parameters", "file_name"], "value": "region_A.csv"}, "version": 17}
{"obj": {"type": "AssignInt", "path": ["parameters", "fold"], "value": 0}, "version": 18}
{"obj": {"type": "AssignInt", "path": ["parameters", "Kfold"], "value": 5}, "version": 19}
{"obj": {"type": "AssignString", "path": ["parameters", "tag"], "value": "PetFriends"}, "version": 20}
{"obj": {"type": "AssignString", "path": ["parameters", "model_type"], "value": ""}, "version": 21}
{"obj": {"type": "AssignString", "path": ["parameters", "encoder_name"], "value": "efficientnet-b0"}, "version": 22}
{"obj": {"type": "AssignFloat", "path": ["parameters", "drop_path_rate"], "value": 0.2}, "version": 23}
{"obj": {"type": "AssignInt", "path": ["parameters", "num_classes"], "value": 7}, "version": 24}
{"obj": {"type": "AssignInt", "path": ["parameters", "epochs"], "value": 200}, "version": 25}
{"obj": {"type": "AssignInt", "path": ["parameters", "img_size"], "value": 312}, "version": 26}
{"obj": {"type": "AssignInt", "path": ["parameters", "batch_size"], "value": 80}, "version": 27}
{"obj": {"type": "AssignFloat", "path": ["parameters", "initial_lr"], "value": 1e-07}, "version": 28}
{"obj": {"type": "AssignFloat", "path": ["parameters", "weight_decay"], "value": 0.0001}, "version": 29}
{"obj": {"type": "AssignInt", "path": ["parameters", "aug_ver"], "value": 11}, "version": 30}
{"obj": {"type": "AssignInt", "path": ["parameters", "warm_epoch"], "value": 3}, "version": 31}
{"obj": {"type": "AssignFloat", "path": ["parameters", "max_lr"], "value": 0.01}, "version": 32}
{"obj": {"type": "AssignInt", "path": ["parameters", "patience"], "value": 15}, "version": 33}
{"obj": {"type": "AssignBool", "path": ["parameters", "use_aug"], "value": false}, "version": 34}
{"obj": {"type": "AssignBool", "path": ["parameters", "logging"], "value": true}, "version": 35}
{"obj": {"type": "AssignInt", "path": ["parameters", "num_workers"], "value": 4}, "version": 36}
{"obj": {"type": "AssignInt", "path": ["parameters", "seed"], "value": 42}, "version": 37}
{"obj": {"type": "LogFloats", "path": ["monitoring", "cpu"], "values": [{"value": 9.7, "step": null, "ts": 1664359644.9721017}]}, "version": 38}
{"obj": {"type": "LogFloats", "path": ["monitoring", "memory"], "values": [{"value": 3.008899688720703, "step": null, "ts": 1664359644.9721017}]}, "version": 39}
{"obj": {"type": "LogFloats", "path": ["monitoring", "gpu"], "values": [{"value": 34.0, "step": null, "ts": 1664359644.9721017}]}, "version": 40}
{"obj": {"type": "LogFloats", "path": ["monitoring", "gpu_memory"], "values": [{"value": 0.4686279296875, "step": null, "ts": 1664359644.9721017}]}, "version": 41}
{"obj": {"type": "LogStrings", "path": ["monitoring", "stdout"], "values": [{"value": "\ub370\uc774\ud130\uc14b \uc0dd\uc131 \uc644\ub8cc,,\n \ub370\uc774\ud130\uc14b \uc0ac\uc774\uc988 : 8260", "step": null, "ts": 1664359644.9932895}]}, "version": 42}
{"obj": {"type": "LogStrings", "path": ["monitoring", "stdout"], "values": [{"value": "\n", "step": null, "ts": 1664359644.9934042}]}, "version": 43}
{"obj": {"type": "LogStrings", "path": ["monitoring", "stdout"], "values": [{"value": "\ub370\uc774\ud130\uc14b \uc0dd\uc131 \uc644\ub8cc,,\n \ub370\uc774\ud130\uc14b \uc0ac\uc774\uc988 : 2065", "step": null, "ts": 1664359644.9936051}]}, "version": 44}
{"obj": {"type": "LogStrings", "path": ["monitoring", "stdout"], "values": [{"value": "\n", "step": null, "ts": 1664359644.993676}]}, "version": 45}
{"obj": {"type": "LogStrings", "path": ["monitoring", "stdout"], "values": [{"value": "Loaded pretrained weights for efficientnet-b0", "step": null, "ts": 1664359645.0518432}]}, "version": 46}
{"obj": {"type": "LogStrings", "path": ["monitoring", "stdout"], "values": [{"value": "\n", "step": null, "ts": 1664359645.0521653}]}, "version": 47}
{"obj": {"type": "LogStrings", "path": ["monitoring", "stdout"], "values": [{"value": "Macs : 25.64 MMac", "step": null, "ts": 1664359646.9841397}]}, "version": 48}
{"obj": {"type": "LogStrings", "path": ["monitoring", "stdout"], "values": [{"value": "\n", "step": null, "ts": 1664359646.9842644}]}, "version": 49}
{"obj": {"type": "LogStrings", "path": ["monitoring", "stdout"], "values": [{"value": "params : ['4.02 M']", "step": null, "ts": 1664359646.9843357}]}, "version": 50}
{"obj": {"type": "LogStrings", "path": ["monitoring", "stdout"], "values": [{"value": "\n", "step": null, "ts": 1664359646.984595}]}, "version": 51}
{"obj": {"type": "LogStrings", "path": ["monitoring", "stderr"], "values": [{"value": "\r  0%|                                                   | 0/104 [00:00<?, ?it/s]", "step": null, "ts": 1664359646.9868217}]}, "version": 52}
{"obj": {"type": "LogStrings", "path": ["monitoring", "stderr"], "values": [{"value": "", "step": null, "ts": 1664359651.7215397}]}, "version": 53}
{"obj": {"type": "LogStrings", "path": ["monitoring", "stderr"], "values": [{"value": "\r  0%|                                                   | 0/104 [00:04<?, ?it/s]", "step": null, "ts": 1664359651.7219098}]}, "version": 54}
{"obj": {"type": "LogStrings", "path": ["monitoring", "stderr"], "values": [{"value": "\n", "step": null, "ts": 1664359651.7223322}]}, "version": 55}
{"obj": {"type": "LogFloats", "path": ["monitoring", "cpu"], "values": [{"value": 22.7, "step": null, "ts": 1664359654.977104}]}, "version": 56}
{"obj": {"type": "LogFloats", "path": ["monitoring", "memory"], "values": [{"value": 6.50543212890625, "step": null, "ts": 1664359654.977104}]}, "version": 57}
{"obj": {"type": "LogFloats", "path": ["monitoring", "gpu"], "values": [{"value": 7.0, "step": null, "ts": 1664359654.977104}]}, "version": 58}
{"obj": {"type": "LogFloats", "path": ["monitoring", "gpu_memory"], "values": [{"value": 8.5633544921875, "step": null, "ts": 1664359654.977104}]}, "version": 59}
{"obj": {"type": "LogFloats", "path": ["monitoring", "cpu"], "values": [{"value": 6.1, "step": null, "ts": 1664359664.9784184}]}, "version": 60}
{"obj": {"type": "LogFloats", "path": ["monitoring", "memory"], "values": [{"value": 6.452064514160156, "step": null, "ts": 1664359664.9784184}]}, "version": 61}
{"obj": {"type": "LogFloats", "path": ["monitoring", "gpu"], "values": [{"value": 4.0, "step": null, "ts": 1664359664.9784184}]}, "version": 62}
{"obj": {"type": "LogFloats", "path": ["monitoring", "gpu_memory"], "values": [{"value": 8.5633544921875, "step": null, "ts": 1664359664.9784184}]}, "version": 63}
{"obj": {"type": "LogStrings", "path": ["monitoring", "stdout"], "values": [{"value": "Shutting down background jobs, please wait a moment...\n", "step": null, "ts": 1664359673.9441705}]}, "version": 64}
